----------------------------------------------------------------
Tue Jun 03 11:18:18 CEST 2025:
Booting Derby version The Apache Software Foundation - Apache Derby - 10.16.1.1 - (1901046): instance a816c00e-0197-3515-9c3b-0000014e77a0 
on database directory C:\Users\Eduardo\Desktop\universidad\TAW\PrimerParcialTurno1-Esqueleto\PrimerParcialTurno1\bd with class loader jdk.internal.loader.ClassLoaders$AppClassLoader@4d7e1886 
Loaded from file:/C:/Users/Eduardo/.m2/repository/org/apache/derby/derby/10.16.1.1/derby-10.16.1.1.jar
java.vendor=Oracle Corporation
java.runtime.version=19.0.2+7-44
user.dir=C:\Users\Eduardo\Desktop\universidad\TAW\PrimerParcialTurno1-Esqueleto\PrimerParcialTurno1
os.name=Windows 11
os.arch=amd64
os.version=10.0
derby.system.home=null
Database Class Loader started - derby.database.classpath=''
----------------------------------------------------------------
Tue Jun 03 11:18:25 CEST 2025:
Shutting down instance a816c00e-0197-3515-9c3b-0000014e77a0 on database directory C:\Users\Eduardo\Desktop\universidad\TAW\PrimerParcialTurno1-Esqueleto\PrimerParcialTurno1\bd with class loader jdk.internal.loader.ClassLoaders$AppClassLoader@4d7e1886 
Tue Jun 03 11:18:26 CEST 2025 Thread[#102,Thread-19,5,main] Cleanup action starting
ERROR XBM0I: Directory bd cannot be removed.
	at org.apache.derby.shared.common.error.StandardException.newException(StandardException.java:299)
	at org.apache.derby.shared.common.error.StandardException.newException(StandardException.java:294)
	at org.apache.derby.iapi.services.monitor.Monitor.removePersistentService(Monitor.java:663)
	at org.apache.derby.impl.jdbc.EmbedConnection.removePersistentService(EmbedConnection.java:4014)
	at org.apache.derby.impl.jdbc.EmbedConnection.<init>(EmbedConnection.java:620)
	at org.apache.derby.iapi.jdbc.InternalDriver.getNewEmbedConnection(InternalDriver.java:630)
	at org.apache.derby.iapi.jdbc.InternalDriver$LoginCallable.call(InternalDriver.java:400)
	at org.apache.derby.iapi.jdbc.InternalDriver$LoginCallable.call(InternalDriver.java:376)
	at java.base/java.util.concurrent.FutureTask.run(FutureTask.java:317)
	at java.base/java.util.concurrent.ThreadPoolExecutor.runWorker(ThreadPoolExecutor.java:1144)
	at java.base/java.util.concurrent.ThreadPoolExecutor$Worker.run(ThreadPoolExecutor.java:642)
	at java.base/java.lang.Thread.run(Thread.java:1589)
Cleanup action completed
Tue Jun 03 11:18:26 CEST 2025 Thread[#102,Thread-19,5,main] Cleanup action starting
ERROR XBM0I: Directory bd cannot be removed.
	at org.apache.derby.shared.common.error.StandardException.newException(StandardException.java:299)
	at org.apache.derby.shared.common.error.StandardException.newException(StandardException.java:294)
	at org.apache.derby.iapi.services.monitor.Monitor.removePersistentService(Monitor.java:663)
	at org.apache.derby.impl.jdbc.EmbedConnection.removePersistentService(EmbedConnection.java:4014)
	at org.apache.derby.impl.jdbc.EmbedConnection.<init>(EmbedConnection.java:620)
	at org.apache.derby.iapi.jdbc.InternalDriver.getNewEmbedConnection(InternalDriver.java:630)
	at org.apache.derby.iapi.jdbc.InternalDriver$LoginCallable.call(InternalDriver.java:400)
	at org.apache.derby.iapi.jdbc.InternalDriver$LoginCallable.call(InternalDriver.java:376)
	at java.base/java.util.concurrent.FutureTask.run(FutureTask.java:317)
	at java.base/java.util.concurrent.ThreadPoolExecutor.runWorker(ThreadPoolExecutor.java:1144)
	at java.base/java.util.concurrent.ThreadPoolExecutor$Worker.run(ThreadPoolExecutor.java:642)
	at java.base/java.lang.Thread.run(Thread.java:1589)
Cleanup action completed
